  Building Custom Rule C:/Users/admin/Downloads/protobuf-3.21.1/CMakeLists.txt
  code_generator.cc
  command_line_interface.cc
  padding_optimizer.cc
  parse_function_generator.cc
  csharp_doc_comment.cc
  csharp_enum.cc
  csharp_enum_field.cc
  csharp_field_base.cc
  csharp_generator.cc
  csharp_helpers.cc
  csharp_map_field.cc
  csharp_message.cc
  csharp_message_field.cc
  csharp_primitive_field.cc
  csharp_reflection_class.cc
  csharp_repeated_enum_field.cc
  csharp_repeated_message_field.cc
  csharp_repeated_primitive_field.cc
  csharp_source_generator_base.cc
  csharp_wrapper_field.cc
  context.cc
  doc_comment.cc
  enum_field_lite.cc
  enum_lite.cc
  extension_lite.cc
  generator_factory.cc
  kotlin_generator.cc
  map_field_lite.cc
  message_builder.cc
  message_builder_lite.cc
  message_field_lite.cc
  message_lite.cc
  name_resolver.cc
  primitive_field_lite.cc
  shared_code_generator.cc
  string_field_lite.cc
  objectivec_enum.cc
  objectivec_enum_field.cc
  objectivec_extension.cc
  objectivec_field.cc
  objectivec_file.cc
  objectivec_generator.cc
  objectivec_helpers.cc
  objectivec_map_field.cc
  objectivec_message.cc
  objectivec_message_field.cc
  objectivec_oneof.cc
  objectivec_primitive_field.cc
  php_generator.cc
  plugin.cc
  plugin.pb.cc
  pyi_generator.cc
  ruby_generator.cc
  subprocess.cc
  zip_writer.cc
  enum.cc
  enum_field.cc
  extension.cc
  field.cc
  file.cc
  generator.cc
  helpers.cc
  map_field.cc
  message.cc
  message_field.cc
  primitive_field.cc
  service.cc
  string_field.cc
  enum.cc
  enum_field.cc
  extension.cc
  field.cc
  file.cc
  generator.cc
  helpers.cc
  map_field.cc
  message.cc
  message_field.cc
  primitive_field.cc
  service.cc
  string_field.cc
  generator.cc
  helpers.cc
     Creating library C:/Users/admin/Downloads/protobuf-3.21.1/out/build/Release/libprotoc.lib and object C:/Users/admin/Downloads/protobuf-3.21.1/out/build/Release/libprotoc.exp
  libprotoc.vcxproj -> C:\Users\admin\Downloads\protobuf-3.21.1\out\build\Release\libprotoc.dll
